This file contains any messages produced by compilers while
running configure, to aid debugging if configure makes a mistake.

It was created by BCFtools configure 1.8-13-g8602b8f, which was
generated by GNU Autoconf 2.69.  Invocation command line was

  $ ./configure --enable-libgsl --enable-perl-filters

## --------- ##
## Platform. ##
## --------- ##

hostname = rits-102
uname -m = x86_64
uname -r = 16.7.0
uname -s = Darwin
uname -v = Darwin Kernel Version 16.7.0: Thu Jun 15 17:36:27 PDT 2017; root:xnu-3789.70.16~2/RELEASE_X86_64

/usr/bin/uname -p = i386
/bin/uname -X     = unknown

/bin/arch              = unknown
/usr/bin/arch -k       = unknown
/usr/convex/getsysinfo = unknown
/usr/bin/hostinfo      = Mach kernel version:
	 Darwin Kernel Version 16.7.0: Thu Jun 15 17:36:27 PDT 2017; root:xnu-3789.70.16~2/RELEASE_X86_64
Kernel configured for up to 8 processors.
4 processors are physically available.
8 processors are logically available.
Processor type: x86_64h (Intel x86-64h Haswell)
Processors active: 0 1 2 3 4 5 6 7
Primary memory available: 16.00 gigabytes
Default processor set: 367 tasks, 2161 threads, 8 processors
Load average: 2.95, Mach factor: 5.03
/bin/machine           = unknown
/usr/bin/oslevel       = unknown
/bin/universe          = unknown

PATH: /usr/local/opt/gettext/bin
PATH: /Users/sinan/spack/bin
PATH: /Developer/NVIDIA/CUDA-9.0/bin
PATH: /usr/local/opt/python/libexec/bin
PATH: node_modules/.bin
PATH: /usr/local/bin
PATH: /usr/local/sbin
PATH: /usr/bin
PATH: /bin
PATH: /usr/sbin
PATH: /sbin
PATH: /opt/X11/bin
PATH: /usr/local/CrossPack-AVR/bin
PATH: /Library/TeX/texbin
PATH: /Users/sinan/.yadr/bin
PATH: /Users/sinan/.yadr/bin/yadr


## ----------- ##
## Core tests. ##
## ----------- ##

configure:1985: checking for gcc
configure:2001: found /usr/bin/gcc
configure:2012: result: gcc
configure:2241: checking for C compiler version
configure:2250: gcc --version >&5
Apple LLVM version 8.1.0 (clang-802.0.42)
Target: x86_64-apple-darwin16.7.0
Thread model: posix
InstalledDir: /Applications/Xcode.app/Contents/Developer/Toolchains/XcodeDefault.xctoolchain/usr/bin
Configured with: --prefix=/Applications/Xcode.app/Contents/Developer/usr --with-gxx-include-dir=/usr/include/c++/4.2.1
configure:2261: $? = 0
configure:2250: gcc -v >&5
Configured with: --prefix=/Applications/Xcode.app/Contents/Developer/usr --with-gxx-include-dir=/usr/include/c++/4.2.1
Apple LLVM version 8.1.0 (clang-802.0.42)
Target: x86_64-apple-darwin16.7.0
Thread model: posix
InstalledDir: /Applications/Xcode.app/Contents/Developer/Toolchains/XcodeDefault.xctoolchain/usr/bin
configure:2261: $? = 0
configure:2250: gcc -V >&5
clang: error: argument to '-V' is missing (expected 1 value)
clang: error: no input files
configure:2261: $? = 1
configure:2250: gcc -qversion >&5
clang: error: unknown argument: '-qversion'
clang: error: no input files
configure:2261: $? = 1
configure:2281: checking whether the C compiler works
configure:2303: gcc    conftest.c  >&5
configure:2307: $? = 0
configure:2355: result: yes
configure:2358: checking for C compiler default output file name
configure:2360: result: a.out
configure:2366: checking for suffix of executables
configure:2373: gcc -o conftest    conftest.c  >&5
configure:2377: $? = 0
configure:2399: result: 
configure:2421: checking whether we are cross compiling
configure:2429: gcc -o conftest    conftest.c  >&5
configure:2433: $? = 0
configure:2440: ./conftest
configure:2444: $? = 0
configure:2459: result: no
configure:2464: checking for suffix of object files
configure:2486: gcc -c   conftest.c >&5
configure:2490: $? = 0
configure:2511: result: o
configure:2515: checking whether we are using the GNU C compiler
configure:2534: gcc -c   conftest.c >&5
configure:2534: $? = 0
configure:2543: result: yes
configure:2552: checking whether gcc accepts -g
configure:2572: gcc -c -g  conftest.c >&5
configure:2572: $? = 0
configure:2613: result: yes
configure:2630: checking for gcc option to accept ISO C89
configure:2693: gcc  -c -g -O2  conftest.c >&5
configure:2693: $? = 0
configure:2706: result: none needed
configure:2735: checking for special C compiler options needed for large files
configure:2780: result: no
configure:2786: checking for _FILE_OFFSET_BITS value needed for large files
configure:2811: gcc -c -g -O2  conftest.c >&5
configure:2811: $? = 0
configure:2843: result: no
configure:3045: checking location of HTSlib source tree
configure:3062: result: none found
configure:3105: checking for htslib/sam.h
configure:3105: gcc -c -g -O2  conftest.c >&5
configure:3105: $? = 0
configure:3105: result: yes
configure:3108: checking for hts_version in -lhts
configure:3133: gcc -o conftest -g -O2   conftest.c -lhts   >&5
configure:3133: $? = 0
configure:3142: result: yes
configure:3251: checking shared library type
configure:3270: result: Darwin dylib
configure:3283: checking for library containing dlopen
configure:3314: gcc -o conftest -g -O2   conftest.c  >&5
configure:3314: $? = 0
configure:3331: result: none required
configure:3346: checking if the compiler accepts -rdynamic
configure:3361: gcc -o conftest -g -O2 -rdynamic   conftest.c  >&5
configure:3361: $? = 0
configure:3369: result: yes
configure:3382: checking for zlib.h
configure:3382: gcc -c -g -O2  conftest.c >&5
configure:3382: $? = 0
configure:3382: result: yes
configure:3391: checking for inflate in -lz
configure:3416: gcc -o conftest -g -O2   conftest.c -lz   >&5
configure:3416: $? = 0
configure:3425: result: yes
configure:3454: checking for gsl/gsl_version.h
configure:3454: gcc -c -g -O2  conftest.c >&5
configure:3454: $? = 0
configure:3454: result: yes
configure:3466: checking for library containing cblas_dgemm
configure:3497: gcc -o conftest -g -O2   conftest.c  >&5
Undefined symbols for architecture x86_64:
  "_cblas_dgemm", referenced from:
      _main in conftest-87b20b.o
ld: symbol(s) not found for architecture x86_64
clang: error: linker command failed with exit code 1 (use -v to see invocation)
configure:3497: $? = 1
configure: failed program was:
| /* confdefs.h */
| #define PACKAGE_NAME "BCFtools"
| #define PACKAGE_TARNAME "bcftools"
| #define PACKAGE_VERSION "1.8-13-g8602b8f"
| #define PACKAGE_STRING "BCFtools 1.8-13-g8602b8f"
| #define PACKAGE_BUGREPORT "samtools-help@lists.sourceforge.net"
| #define PACKAGE_URL "http://www.htslib.org/"
| #define PLUGIN_EXT ".so"
| #define ENABLE_BCF_PLUGINS 1
| #define HAVE_LIBZ 1
| /* end confdefs.h.  */
| 
| /* Override any GCC internal prototype to avoid an error.
|    Use char because int might match the return type of a GCC
|    builtin and then its argument prototype would still apply.  */
| #ifdef __cplusplus
| extern "C"
| #endif
| char cblas_dgemm ();
| int
| main ()
| {
| return cblas_dgemm ();
|   ;
|   return 0;
| }
configure:3497: gcc -o conftest -g -O2   conftest.c -lcblas   >&5
configure:3497: $? = 0
configure:3514: result: -lcblas
configure:3573: checking for gsl_multifit_gradient in -lgsl
configure:3598: gcc -o conftest -g -O2   conftest.c -lgsl -lcblas -lcblas  >&5
configure:3598: $? = 0
configure:3607: result: yes
configure:3771: creating ./config.status

## ---------------------- ##
## Running config.status. ##
## ---------------------- ##

This file was extended by BCFtools config.status 1.8-13-g8602b8f, which was
generated by GNU Autoconf 2.69.  Invocation command line was

  CONFIG_FILES    = 
  CONFIG_HEADERS  = 
  CONFIG_LINKS    = 
  CONFIG_COMMANDS = 
  $ ./config.status 

on rits-102

config.status:808: creating config.mk
config.status:808: creating config.h
configure:5089: License has been changed to GPL.

Linking against the GNU scientific library requires that the resulting
binary is licensed using the GNU General Public License.  In particular,
this means you will have to follow the terms of this license in order
to distribute binary copies.  For more information see the INSTALL file.

Text of the GNU General Public License can be found in the LICENSE file,
or at http://www.gnu.org/copyleft/gpl.html

Information on the GNU Scientific Library, including the rationale for
its choice of license can be found at https://www.gnu.org/software/gsl/


## ---------------- ##
## Cache variables. ##
## ---------------- ##

ac_cv_c_compiler_gnu=yes
ac_cv_env_CC_set=
ac_cv_env_CC_value=
ac_cv_env_CFLAGS_set=
ac_cv_env_CFLAGS_value=
ac_cv_env_CPPFLAGS_set=
ac_cv_env_CPPFLAGS_value=
ac_cv_env_LDFLAGS_set=
ac_cv_env_LDFLAGS_value=
ac_cv_env_LIBS_set=
ac_cv_env_LIBS_value=
ac_cv_env_build_alias_set=
ac_cv_env_build_alias_value=
ac_cv_env_host_alias_set=
ac_cv_env_host_alias_value=
ac_cv_env_target_alias_set=
ac_cv_env_target_alias_value=
ac_cv_header_gsl_gsl_version_h=yes
ac_cv_header_htslib_sam_h=yes
ac_cv_header_zlib_h=yes
ac_cv_lib_gsl_gsl_multifit_gradient=yes
ac_cv_lib_hts_hts_version=yes
ac_cv_lib_z_inflate=yes
ac_cv_objext=o
ac_cv_prog_ac_ct_CC=gcc
ac_cv_prog_cc_c89=
ac_cv_prog_cc_g=yes
ac_cv_search_cblas_dgemm=-lcblas
ac_cv_search_dlopen='none required'
ac_cv_sys_file_offset_bits=no
ac_cv_sys_largefile_CC=no
ax_cv_htslib=yes
ax_cv_htslib_which=install

## ----------------- ##
## Output variables. ##
## ----------------- ##

CC='gcc'
CC_RDYNAMIC_OPT='-rdynamic'
CFLAGS='-g -O2'
CPPFLAGS=''
DEFS='-DHAVE_CONFIG_H'
ECHO_C='\c'
ECHO_N=''
ECHO_T=''
EXEEXT=''
GSL_LIBS='-lgsl -lcblas'
HTSDIR=''
HTSLIB_CPPFLAGS=''
HTSLIB_LDFLAGS=''
Hinstall=''
Hsource='#'
LDFLAGS=''
LIBOBJS=''
LIBS=''
LTLIBOBJS=''
OBJEXT='o'
PACKAGE_BUGREPORT='samtools-help@lists.sourceforge.net'
PACKAGE_NAME='BCFtools'
PACKAGE_STRING='BCFtools 1.8-13-g8602b8f'
PACKAGE_TARNAME='bcftools'
PACKAGE_URL='http://www.htslib.org/'
PACKAGE_VERSION='1.8-13-g8602b8f'
PATH_SEPARATOR=':'
PERL_CCOPTS=' -fno-common -DPERL_DARWIN -mmacosx-version-min=10.12 -fno-strict-aliasing -pipe -fstack-protector-strong -I/usr/local/include -DPERL_USE_SAFE_PUTENV  -I/usr/local/Cellar/perl/5.26.1/lib/perl5/5.26.1/darwin-thread-multi-2level/CORE '
PERL_LIBS='   -mmacosx-version-min=10.12 -fstack-protector-strong -L/usr/local/lib  -L/usr/local/Cellar/perl/5.26.1/lib/perl5/5.26.1/darwin-thread-multi-2level/CORE -lperl -lpthread -ldl -lm -lutil -lc'
PLATFORM='Darwin'
PLUGINPATH='$(libexecdir)/bcftools'
PLUGIN_EXT='.so'
SHELL='/bin/sh'
USE_GPL='1'
ac_ct_CC='gcc'
bcf_plugindir='$(libexecdir)/bcftools'
bindir='${exec_prefix}/bin'
build_alias=''
datadir='${datarootdir}'
datarootdir='${prefix}/share'
docdir='${datarootdir}/doc/${PACKAGE_TARNAME}'
dvidir='${docdir}'
enable_bcftools_plugins='yes'
enable_perl_filters='yes'
exec_prefix='${prefix}'
host_alias='unknown-Darwin'
htmldir='${docdir}'
includedir='${prefix}/include'
infodir='${datarootdir}/info'
libdir='${exec_prefix}/lib'
libexecdir='${exec_prefix}/libexec'
localedir='${datarootdir}/locale'
localstatedir='${prefix}/var'
mandir='${datarootdir}/man'
oldincludedir='/usr/include'
pdfdir='${docdir}'
prefix='/usr/local'
program_transform_name='s,x,x,'
psdir='${docdir}'
sbindir='${exec_prefix}/sbin'
sharedstatedir='${prefix}/com'
subdirs=''
sysconfdir='${prefix}/etc'
target_alias=''

## ----------- ##
## confdefs.h. ##
## ----------- ##

/* confdefs.h */
#define PACKAGE_NAME "BCFtools"
#define PACKAGE_TARNAME "bcftools"
#define PACKAGE_VERSION "1.8-13-g8602b8f"
#define PACKAGE_STRING "BCFtools 1.8-13-g8602b8f"
#define PACKAGE_BUGREPORT "samtools-help@lists.sourceforge.net"
#define PACKAGE_URL "http://www.htslib.org/"
#define PLUGIN_EXT ".so"
#define ENABLE_BCF_PLUGINS 1
#define HAVE_LIBZ 1
#define ENABLE_PERL_FILTERS 1

configure: exit 0
